#
# A fatal error has been detected by the Java Runtime Environment:
#
#  SIGSEGV (0xb) at pc=0x00000001017a92f9, pid=1328, tid=0x0000000000002a03
#
# JRE version: Java(TM) SE Runtime Environment (8.0_101-b13) (build 1.8.0_101-b13)
# Java VM: Java HotSpot(TM) 64-Bit Server VM (25.101-b13 mixed mode bsd-amd64 compressed oops)
# Problematic frame:
# V  [libjvm.dylib+0x1a92f9]  oopDesc::size()+0x2d
#
# Failed to write core dump. Core dumps have been disabled. To enable core dumping, try "ulimit -c unlimited" before starting Java again
#
# If you would like to submit a bug report, please visit:
#   http://bugreport.java.com/bugreport/crash.jsp
#

---------------  T H R E A D  ---------------

Current thread (0x00007faba3808000):  GCTaskThread [stack: 0x0000700000526000,0x0000700000626000] [id=10755]

siginfo: si_signo: 11 (SIGSEGV), si_code: 1 (SEGV_MAPERR), si_addr: 0x00000006c0082888

Registers:
RAX=0x0000000101e3aab0, RBX=0x0000000000000009, RCX=0x0000000000000003, RDX=0x0000000000000001
RSP=0x0000700000625bd0, RBP=0x0000700000625bd0, RSI=0x00000007bdd35348, RDI=0x00000006c0082880
R8 =0x0000000101eee0e0, R9 =0x00000007b92e3f48, R10=0x00000007b92ebf48, R11=0xfffffffffb5b4790
R12=0x0000000101ee3e16, R13=0x00000007b92e88b9, R14=0x00007faba403ff40, R15=0x00007faba403ffd8
RIP=0x00000001017a92f9, EFLAGS=0x0000000000010202, ERR=0x0000000000000004
  TRAPNO=0x000000000000000e

Top of Stack: (sp=0x0000700000625bd0)
0x0000700000625bd0:   0000700000625c40 0000000101ac5fd1
0x0000700000625be0:   0000190100001a00 00000007bdd35348
0x0000700000625bf0:   00000007b92e3f48 0000000000001000
0x0000700000625c00:   0000000784c55760 0000000000000400
0x0000700000625c10:   0000000000000011 00000007b92e88b9
0x0000700000625c20:   0000000101ee3e16 00000007b92e88b9
0x0000700000625c30:   00000007b92e88b8 00007faba403ffd8
0x0000700000625c40:   0000700000625c60 0000000101ac64e7
0x0000700000625c50:   00007faba403ff40 00007faba403ffa0
0x0000700000625c60:   0000700000625cc0 0000000101ac5507
0x0000700000625c70:   000000078022bf7c 00000007c0085138
0x0000700000625c80:   00000007b92e88b9 00000007c0085138
0x0000700000625c90:   00007faba403ff40 000000078022c000
0x0000700000625ca0:   000000011199c160 000000078022c000
0x0000700000625cb0:   000000011199c181 0000000000000240
0x0000700000625cc0:   0000700000625d80 0000000101757030
0x0000700000625cd0:   0000000000001900 0000000000000400
0x0000700000625ce0:   fffffffeee640264 0000000000000100
0x0000700000625cf0:   00000001119bfd9a 000000010dd9b100
0x0000700000625d00:   00000001119bfd9b 0000000003c01000
0x0000700000625d10:   fffffffeee663e7f 0000000003c24d9b
0x0000700000625d20:   000000011199c180 000000011199c101
0x0000700000625d30:   00000007849b3600 0000000780230000
0x0000700000625d40:   00007faba3601640 00007faba403ff40
0x0000700000625d50:   00007faba3601420 00007faba360a970
0x0000700000625d60:   0000000000000000 0000000101c11ab0
0x0000700000625d70:   00007faba403ff40 0000000000000001
0x0000700000625d80:   0000700000625db0 0000000101ac903b
0x0000700000625d90:   0000000000000008 00007faba36047f0
0x0000700000625da0:   00007faba3808000 00007faba360a970
0x0000700000625db0:   0000700000625e90 0000000101875c03
0x0000700000625dc0:   0000700000625df0 00007faba34013c0 

Instructions: (pc=0x00000001017a92f9)
0x00000001017a92d9:   84 d2 48 89 fe 74 15 48 8d 05 c9 17 69 00 8a 48
0x00000001017a92e9:   08 8b 7e 08 48 d3 e7 48 03 38 eb 04 48 8b 7e 08
0x00000001017a92f9:   8b 47 08 85 c0 7e 09 a8 01 75 4e c1 f8 03 eb 47
0x00000001017a9309:   85 c0 7f 43 85 c0 79 41 84 d2 0f 94 c1 0f b6 c9 

Register to memory mapping:

RAX=0x0000000101e3aab0: _ZN8Universe13_narrow_klassE+0 in /Library/Java/JavaVirtualMachines/jdk1.8.0_101.jdk/Contents/Home/jre/lib/server/libjvm.dylib at 0x0000000101600000
RBX=0x0000000000000009 is an unknown value
RCX=0x0000000000000003 is an unknown value
RDX=0x0000000000000001 is an unknown value
RSP=0x0000700000625bd0 is an unknown value
RBP=0x0000700000625bd0 is an unknown value
RSI=0x00000007bdd35348 is an oop

[error occurred during error reporting (printing register info), id 0xb]

Stack: [0x0000700000526000,0x0000700000626000],  sp=0x0000700000625bd0,  free space=1022k
Native frames: (J=compiled Java code, j=interpreted, Vv=VM code, C=native code)
V  [libjvm.dylib+0x1a92f9]  oopDesc::size()+0x2d
V  [libjvm.dylib+0x4c5fd1]  oopDesc* PSPromotionManager::copy_to_survivor_space<false>(oopDesc*)+0x35
V  [libjvm.dylib+0x4c64e7]  PSPromotionManager::process_popped_location_depth(StarTask)+0x73
V  [libjvm.dylib+0x4c5507]  PSPromotionManager::drain_stacks_depth(bool)+0x117
V  [libjvm.dylib+0x157030]  CardTableExtension::scavenge_contents_parallel(ObjectStartArray*, MutableSpace*, HeapWord*, PSPromotionManager*, unsigned int, unsigned int)+0x380
V  [libjvm.dylib+0x4c903b]  OldToYoungRootsTask::do_it(GCTaskManager*, unsigned int)+0x4b
V  [libjvm.dylib+0x275c03]  GCTaskThread::run()+0x1a1
V  [libjvm.dylib+0x48933a]  java_start(Thread*)+0xf6
C  [libsystem_pthread.dylib+0x399d]  _pthread_body+0x83
C  [libsystem_pthread.dylib+0x391a]  _pthread_body+0x0
C  [libsystem_pthread.dylib+0x1351]  thread_start+0xd


---------------  P R O C E S S  ---------------

Java Threads: ( => current thread )
  0x00007faba51d5800 JavaThread "pool-2-thread-4" [_thread_blocked, id=24323, stack(0x0000700001965000,0x0000700001a65000)]
  0x00007faba6862000 JavaThread "pool-2-thread-3" [_thread_blocked, id=23811, stack(0x0000700001862000,0x0000700001962000)]
  0x00007faba51d5000 JavaThread "pool-2-thread-2" [_thread_blocked, id=23299, stack(0x000070000175f000,0x000070000185f000)]
  0x00007faba51d4000 JavaThread "pool-3-thread-1" [_thread_blocked, id=22787, stack(0x000070000165c000,0x000070000175c000)]
  0x00007faba4804800 JavaThread "pool-2-thread-1" [_thread_blocked, id=22275, stack(0x0000700001559000,0x0000700001659000)]
  0x00007faba5046000 JavaThread "Service Thread" daemon [_thread_blocked, id=21251, stack(0x0000700001353000,0x0000700001453000)]
  0x00007faba6008000 JavaThread "C1 CompilerThread3" daemon [_thread_blocked, id=20739, stack(0x0000700001250000,0x0000700001350000)]
  0x00007faba4016000 JavaThread "C2 CompilerThread2" daemon [_thread_in_native, id=20227, stack(0x000070000114d000,0x000070000124d000)]
  0x00007faba3813000 JavaThread "C2 CompilerThread1" daemon [_thread_in_native, id=19715, stack(0x000070000104a000,0x000070000114a000)]
  0x00007faba3811000 JavaThread "C2 CompilerThread0" daemon [_thread_in_native, id=19203, stack(0x0000700000f47000,0x0000700001047000)]
  0x00007faba5045000 JavaThread "Signal Dispatcher" daemon [_thread_blocked, id=14863, stack(0x0000700000e44000,0x0000700000f44000)]
  0x00007faba5031800 JavaThread "Finalizer" daemon [_thread_blocked, id=14339, stack(0x0000700000c3b000,0x0000700000d3b000)]
  0x00007faba502f000 JavaThread "Reference Handler" daemon [_thread_blocked, id=13827, stack(0x0000700000b38000,0x0000700000c38000)]
  0x00007faba400c800 JavaThread "main" [_thread_blocked, id=5891, stack(0x000070000011a000,0x000070000021a000)]

Other Threads:
  0x00007faba4041000 VMThread [stack: 0x0000700000a35000,0x0000700000b35000] [id=13315]
  0x00007faba5039800 WatcherThread [stack: 0x0000700001456000,0x0000700001556000] [id=21763]

=>0x00007faba3808000 (exited) GCTaskThread [stack: 0x0000700000526000,0x0000700000626000] [id=10755]

VM state:at safepoint (normal execution)

VM Mutex/Monitor currently owned by a thread:  ([mutex/lock_event])
[0x00007faba3517450] Threads_lock - owner thread: 0x00007faba4041000
[0x00007faba3517950] Heap_lock - owner thread: 0x00007faba51d5800

Heap:
 PSYoungGen      total 280576K, used 275408K [0x00000007aab00000, 0x00000007c0000000, 0x00000007c0000000)
  eden space 228352K, 100% used [0x00000007aab00000,0x00000007b8a00000,0x00000007b8a00000)
  from space 52224K, 90% used [0x00000007bcd00000,0x00000007bfaf4038,0x00000007c0000000)
  to   space 60416K, 53% used [0x00000007b8a00000,0x00000007ba9dc130,0x00000007bc500000)
 ParOldGen       total 175104K, used 81840K [0x0000000780000000, 0x000000078ab00000, 0x00000007aab00000)
  object space 175104K, 46% used [0x0000000780000000,0x0000000784fec110,0x000000078ab00000)
 Metaspace       used 6595K, capacity 7320K, committed 7680K, reserved 1056768K
  class space    used 618K, capacity 656K, committed 768K, reserved 1048576K

Card table byte_map: [0x000000011199b000,0x0000000111b9c000] byte_map_base: 0x000000010dd9b000

Marking Bits: (ParMarkBitMap*) 0x0000000101eedd20
 Begin Bits: [0x0000000111cf2000, 0x0000000112cf2000)
 End Bits:   [0x0000000112cf2000, 0x0000000113cf2000)

Polling page: 0x00000001005f3000

CodeCache: size=245760Kb used=9355Kb max_used=9360Kb free=236404Kb
 bounds [0x00000001025db000, 0x0000000102f0b000, 0x00000001115db000]
 total_blobs=2608 nmethods=2339 adapters=182
 compilation: enabled

Compilation events (10 events):
Event: 3.015 Thread 0x00007faba6008000 2525 %     3       com.android.dx.ssa.back.SsaToRop$PhiVisitor::visitPhiInsn @ 19 (67 bytes)
Event: 3.016 Thread 0x00007faba6008000 nmethod 2525% 0x0000000102efd750 code [0x0000000102efd9c0, 0x0000000102efeac8]
Event: 3.070 Thread 0x00007faba6008000 2527       2       com.android.dx.rop.code.RegisterSpec::compareTo (9 bytes)
Event: 3.070 Thread 0x00007faba6008000 nmethod 2527 0x0000000102efd390 code [0x0000000102efd500, 0x0000000102efd6a8]
Event: 3.070 Thread 0x00007faba6008000 2530       2       java.util.HashMap::compareComparables (27 bytes)
Event: 3.070 Thread 0x00007faba6008000 nmethod 2530 0x0000000102efcf50 code [0x0000000102efd0c0, 0x0000000102efd2a8]
Event: 3.070 Thread 0x00007faba6008000 2528       2       com.android.dx.rop.code.RegisterSpec::compareTo (95 bytes)
Event: 3.071 Thread 0x00007faba6008000 nmethod 2528 0x0000000102efc690 code [0x0000000102efc840, 0x0000000102efcc28]
Event: 3.071 Thread 0x00007faba6008000 2529       1       sun.reflect.generics.reflectiveObjects.ParameterizedTypeImpl::getRawType (5 bytes)
Event: 3.071 Thread 0x00007faba6008000 nmethod 2529 0x0000000102efc3d0 code [0x0000000102efc520, 0x0000000102efc630]

GC Heap History (10 events):
Event: 0.942 GC heap after
Heap after GC invocations=2 (full 0):
 PSYoungGen      total 141824K, used 10738K [0x00000007aab00000, 0x00000007b4000000, 0x00000007c0000000)
  eden space 131072K, 0% used [0x00000007aab00000,0x00000007aab00000,0x00000007b2b00000)
  from space 10752K, 99% used [0x00000007b3580000,0x00000007b3ffc978,0x00000007b4000000)
  to   space 10752K, 0% used [0x00000007b2b00000,0x00000007b2b00000,0x00000007b3580000)
 ParOldGen       total 175104K, used 3768K [0x0000000780000000, 0x000000078ab00000, 0x00000007aab00000)
  object space 175104K, 2% used [0x0000000780000000,0x00000007803ae3c0,0x000000078ab00000)
 Metaspace       used 6013K, capacity 6960K, committed 7040K, reserved 1056768K
  class space    used 597K, capacity 616K, committed 640K, reserved 1048576K
}
Event: 1.284 GC heap before
{Heap before GC invocations=3 (full 0):
 PSYoungGen      total 141824K, used 141810K [0x00000007aab00000, 0x00000007b4000000, 0x00000007c0000000)
  eden space 131072K, 100% used [0x00000007aab00000,0x00000007b2b00000,0x00000007b2b00000)
  from space 10752K, 99% used [0x00000007b3580000,0x00000007b3ffc978,0x00000007b4000000)
  to   space 10752K, 0% used [0x00000007b2b00000,0x00000007b2b00000,0x00000007b3580000)
 ParOldGen       total 175104K, used 3768K [0x0000000780000000, 0x000000078ab00000, 0x00000007aab00000)
  object space 175104K, 2% used [0x0000000780000000,0x00000007803ae3c0,0x000000078ab00000)
 Metaspace       used 6082K, capacity 7024K, committed 7296K, reserved 1056768K
  class space    used 597K, capacity 616K, committed 640K, reserved 1048576K
Event: 1.311 GC heap after
Heap after GC invocations=3 (full 0):
 PSYoungGen      total 141824K, used 10747K [0x00000007aab00000, 0x00000007bc000000, 0x00000007c0000000)
  eden space 131072K, 0% used [0x00000007aab00000,0x00000007aab00000,0x00000007b2b00000)
  from space 10752K, 99% used [0x00000007b2b00000,0x00000007b357ec88,0x00000007b3580000)
  to   space 10752K, 0% used [0x00000007bb580000,0x00000007bb580000,0x00000007bc000000)
 ParOldGen       total 175104K, used 22460K [0x0000000780000000, 0x000000078ab00000, 0x00000007aab00000)
  object space 175104K, 12% used [0x0000000780000000,0x00000007815ef388,0x000000078ab00000)
 Metaspace       used 6082K, capacity 7024K, committed 7296K, reserved 1056768K
  class space    used 597K, capacity 616K, committed 640K, reserved 1048576K
}
Event: 1.594 GC heap before
{Heap before GC invocations=4 (full 0):
 PSYoungGen      total 141824K, used 141819K [0x00000007aab00000, 0x00000007bc000000, 0x00000007c0000000)
  eden space 131072K, 100% used [0x00000007aab00000,0x00000007b2b00000,0x00000007b2b00000)
  from space 10752K, 99% used [0x00000007b2b00000,0x00000007b357ec88,0x00000007b3580000)
  to   space 10752K, 0% used [0x00000007bb580000,0x00000007bb580000,0x00000007bc000000)
 ParOldGen       total 175104K, used 22460K [0x0000000780000000, 0x000000078ab00000, 0x00000007aab00000)
  object space 175104K, 12% used [0x0000000780000000,0x00000007815ef388,0x000000078ab00000)
 Metaspace       used 6349K, capacity 7192K, committed 7424K, reserved 1056768K
  class space    used 617K, capacity 656K, committed 768K, reserved 1048576K
Event: 1.625 GC heap after
Heap after GC invocations=4 (full 0):
 PSYoungGen      total 272896K, used 10741K [0x00000007aab00000, 0x00000007bc000000, 0x00000007c0000000)
  eden space 262144K, 0% used [0x00000007aab00000,0x00000007aab00000,0x00000007bab00000)
  from space 10752K, 99% used [0x00000007bb580000,0x00000007bbffd610,0x00000007bc000000)
  to   space 10752K, 0% used [0x00000007bab00000,0x00000007bab00000,0x00000007bb580000)
 ParOldGen       total 175104K, used 41378K [0x0000000780000000, 0x000000078ab00000, 0x00000007aab00000)
  object space 175104K, 23% used [0x0000000780000000,0x0000000782868948,0x000000078ab00000)
 Metaspace       used 6349K, capacity 7192K, committed 7424K, reserved 1056768K
  class space    used 617K, capacity 656K, committed 768K, reserved 1048576K
}
Event: 2.116 GC heap before
{Heap before GC invocations=5 (full 0):
 PSYoungGen      total 272896K, used 272885K [0x00000007aab00000, 0x00000007bc000000, 0x00000007c0000000)
  eden space 262144K, 100% used [0x00000007aab00000,0x00000007bab00000,0x00000007bab00000)
  from space 10752K, 99% used [0x00000007bb580000,0x00000007bbffd610,0x00000007bc000000)
  to   space 10752K, 0% used [0x00000007bab00000,0x00000007bab00000,0x00000007bb580000)
 ParOldGen       total 175104K, used 41378K [0x0000000780000000, 0x000000078ab00000, 0x00000007aab00000)
  object space 175104K, 23% used [0x0000000780000000,0x0000000782868948,0x000000078ab00000)
 Metaspace       used 6483K, capacity 7256K, committed 7424K, reserved 1056768K
  class space    used 618K, capacity 656K, committed 768K, reserved 1048576K
Event: 2.161 GC heap after
Heap after GC invocations=5 (full 0):
 PSYoungGen      total 272896K, used 10725K [0x00000007aab00000, 0x00000007c0000000, 0x00000007c0000000)
  eden space 262144K, 0% used [0x00000007aab00000,0x00000007aab00000,0x00000007bab00000)
  from space 10752K, 99% used [0x00000007bab00000,0x00000007bb5795c8,0x00000007bb580000)
  to   space 52224K, 0% used [0x00000007bcd00000,0x00000007bcd00000,0x00000007c0000000)
 ParOldGen       total 175104K, used 75469K [0x0000000780000000, 0x000000078ab00000, 0x00000007aab00000)
  object space 175104K, 43% used [0x0000000780000000,0x00000007849b3600,0x000000078ab00000)
 Metaspace       used 6483K, capacity 7256K, committed 7424K, reserved 1056768K
  class space    used 618K, capacity 656K, committed 768K, reserved 1048576K
}
Event: 2.610 GC heap before
{Heap before GC invocations=6 (full 0):
 PSYoungGen      total 272896K, used 272869K [0x00000007aab00000, 0x00000007c0000000, 0x00000007c0000000)
  eden space 262144K, 100% used [0x00000007aab00000,0x00000007bab00000,0x00000007bab00000)
  from space 10752K, 99% used [0x00000007bab00000,0x00000007bb5795c8,0x00000007bb580000)
  to   space 52224K, 0% used [0x00000007bcd00000,0x00000007bcd00000,0x00000007c0000000)
 ParOldGen       total 175104K, used 75469K [0x0000000780000000, 0x000000078ab00000, 0x00000007aab00000)
  object space 175104K, 43% used [0x0000000780000000,0x00000007849b3600,0x000000078ab00000)
 Metaspace       used 6574K, capacity 7320K, committed 7680K, reserved 1056768K
  class space    used 618K, capacity 656K, committed 768K, reserved 1048576K
Event: 2.663 GC heap after
Heap after GC invocations=6 (full 0):
 PSYoungGen      total 280576K, used 47056K [0x00000007aab00000, 0x00000007c0000000, 0x00000007c0000000)
  eden space 228352K, 0% used [0x00000007aab00000,0x00000007aab00000,0x00000007b8a00000)
  from space 52224K, 90% used [0x00000007bcd00000,0x00000007bfaf4038,0x00000007c0000000)
  to   space 60416K, 0% used [0x00000007b8a00000,0x00000007b8a00000,0x00000007bc500000)
 ParOldGen       total 175104K, used 75469K [0x0000000780000000, 0x000000078ab00000, 0x00000007aab00000)
  object space 175104K, 43% used [0x0000000780000000,0x00000007849b3600,0x000000078ab00000)
 Metaspace       used 6574K, capacity 7320K, committed 7680K, reserved 1056768K
  class space    used 618K, capacity 656K, committed 768K, reserved 1048576K
}
Event: 3.098 GC heap before
{Heap before GC invocations=7 (full 0):
 PSYoungGen      total 280576K, used 275408K [0x00000007aab00000, 0x00000007c0000000, 0x00000007c0000000)
  eden space 228352K, 100% used [0x00000007aab00000,0x00000007b8a00000,0x00000007b8a00000)
  from space 52224K, 90% used [0x00000007bcd00000,0x00000007bfaf4038,0x00000007c0000000)
  to   space 60416K, 0% used [0x00000007b8a00000,0x00000007b8a00000,0x00000007bc500000)
 ParOldGen       total 175104K, used 75469K [0x0000000780000000, 0x000000078ab00000, 0x00000007aab00000)
  object space 175104K, 43% used [0x0000000780000000,0x00000007849b3600,0x000000078ab00000)
 Metaspace       used 6595K, capacity 7320K, committed 7680K, reserved 1056768K
  class space    used 618K, capacity 656K, committed 768K, reserved 1048576K

Deoptimization events (10 events):
Event: 2.254 Thread 0x00007faba51d5800 Uncommon trap: reason=bimorphic action=maybe_recompile pc=0x0000000102cde9e0 method=com.android.dx.cf.code.BytecodeArray.parseInstruction(ILcom/android/dx/cf/code/BytecodeArray$Visitor;)I @ 1597
Event: 2.266 Thread 0x00007faba51d5000 Uncommon trap: reason=bimorphic action=maybe_recompile pc=0x0000000102cde9e0 method=com.android.dx.cf.code.BytecodeArray.parseInstruction(ILcom/android/dx/cf/code/BytecodeArray$Visitor;)I @ 1597
Event: 2.266 Thread 0x00007faba51d5000 Uncommon trap: reason=bimorphic action=maybe_recompile pc=0x0000000102cdf930 method=com.android.dx.cf.code.BytecodeArray.parseInstruction(ILcom/android/dx/cf/code/BytecodeArray$Visitor;)I @ 1417
Event: 2.266 Thread 0x00007faba51d5000 Uncommon trap: reason=bimorphic action=maybe_recompile pc=0x0000000102cde9e0 method=com.android.dx.cf.code.BytecodeArray.parseInstruction(ILcom/android/dx/cf/code/BytecodeArray$Visitor;)I @ 1597
Event: 2.315 Thread 0x00007faba4804800 Uncommon trap: reason=unstable_if action=reinterpret pc=0x0000000102dc38c4 method=com.android.dx.ssa.SCCP.simulateBranch(Lcom/android/dx/ssa/SsaInsn;)V @ 548
Event: 2.783 Thread 0x00007faba6862000 Uncommon trap: reason=unstable_if action=reinterpret pc=0x0000000102a13ca0 method=com.android.dx.rop.code.RegisterSpecSet.<init>(I)V @ 2
Event: 2.828 Thread 0x00007faba51d5000 Uncommon trap: reason=unstable_if action=reinterpret pc=0x0000000102e83104 method=java.util.HashMap.putVal(ILjava/lang/Object;Ljava/lang/Object;ZZ)Ljava/lang/Object; @ 109
Event: 2.863 Thread 0x00007faba400c800 Uncommon trap: reason=unstable_if action=reinterpret pc=0x0000000102a1710c method=com.android.dx.ssa.SsaMethod.getExitBlock()Lcom/android/dx/ssa/SsaBasicBlock; @ 4
Event: 2.863 Thread 0x00007faba400c800 Uncommon trap: reason=unstable_if action=reinterpret pc=0x000000010287ada0 method=com.android.dx.ssa.SsaMethod.getExitBlock()Lcom/android/dx/ssa/SsaBasicBlock; @ 4
Event: 2.863 Thread 0x00007faba400c800 Uncommon trap: reason=unstable_if action=reinterpret pc=0x0000000102991b14 method=com.android.dx.ssa.SsaMethod.getExitBlock()Lcom/android/dx/ssa/SsaBasicBlock; @ 4

Internal exceptions (8 events):
Event: 0.030 Thread 0x00007faba400c800 Exception <a 'java/lang/NoSuchMethodError': Method sun.misc.Unsafe.defineClass(Ljava/lang/String;[BII)Ljava/lang/Class; name or signature does not match> (0x00000007aab07cc0) thrown at [/HUDSON3/workspace/8-2-build-macosx-x86_64/jdk8u101/7261/hotspot/src/
Event: 0.030 Thread 0x00007faba400c800 Exception <a 'java/lang/NoSuchMethodError': Method sun.misc.Unsafe.prefetchRead(Ljava/lang/Object;J)V name or signature does not match> (0x00000007aab07fa8) thrown at [/HUDSON3/workspace/8-2-build-macosx-x86_64/jdk8u101/7261/hotspot/src/share/vm/prims/jni
Event: 0.875 Thread 0x00007faba51d5800 Implicit null exception at 0x00000001028cb17f to 0x00000001028ce1d5
Event: 0.892 Thread 0x00007faba400c800 Implicit null exception at 0x000000010292a2d5 to 0x000000010292ccc1
Event: 0.918 Thread 0x00007faba51d5000 Implicit null exception at 0x0000000102925681 to 0x0000000102925815
Event: 1.415 Thread 0x00007faba51d5800 Exception <a 'java/lang/ArrayIndexOutOfBoundsException': 18> (0x00000007ade79220) thrown at [/HUDSON3/workspace/8-2-build-macosx-x86_64/jdk8u101/7261/hotspot/src/share/vm/interpreter/interpreterRuntime.cpp, line 366]
Event: 1.416 Thread 0x00007faba51d5800 Exception <a 'java/lang/ArrayIndexOutOfBoundsException': 145> (0x00000007ade7ada0) thrown at [/HUDSON3/workspace/8-2-build-macosx-x86_64/jdk8u101/7261/hotspot/src/share/vm/interpreter/interpreterRuntime.cpp, line 366]
Event: 1.417 Thread 0x00007faba51d5800 Exception <a 'java/lang/ArrayIndexOutOfBoundsException': 40> (0x00000007ade7c088) thrown at [/HUDSON3/workspace/8-2-build-macosx-x86_64/jdk8u101/7261/hotspot/src/share/vm/interpreter/interpreterRuntime.cpp, line 366]

Events (10 events):
Event: 3.056 Thread 0x00007faba51d5800 DEOPT UNPACKING pc=0x0000000102622633 sp=0x0000700001a63de8 mode 0
Event: 3.056 Thread 0x00007faba51d5800 DEOPT PACKING pc=0x0000000102eb44ea sp=0x0000700001a64070
Event: 3.056 Thread 0x00007faba51d5800 DEOPT UNPACKING pc=0x0000000102622633 sp=0x0000700001a63de8 mode 0
Event: 3.067 Thread 0x00007faba4804800 DEOPT PACKING pc=0x0000000102eb44ea sp=0x0000700001657fe0
Event: 3.067 Thread 0x00007faba4804800 DEOPT UNPACKING pc=0x0000000102622633 sp=0x0000700001657d58 mode 0
Event: 3.083 Thread 0x00007faba400c800 DEOPT PACKING pc=0x0000000102eb44ea sp=0x00007000002187b0
Event: 3.083 Thread 0x00007faba400c800 DEOPT UNPACKING pc=0x0000000102622633 sp=0x0000700000218528 mode 0
Event: 3.091 Thread 0x00007faba400c800 DEOPT PACKING pc=0x0000000102eb44ea sp=0x0000700000218840
Event: 3.091 Thread 0x00007faba400c800 DEOPT UNPACKING pc=0x0000000102622633 sp=0x00007000002185b8 mode 0
Event: 3.098 Executing VM operation: ParallelGCFailedAllocation


Dynamic libraries:
0x00000000037bc000 	/System/Library/Frameworks/Cocoa.framework/Versions/A/Cocoa
0x00000000037bc000 	/System/Library/Frameworks/Security.framework/Versions/A/Security
0x00000000037bc000 	/System/Library/Frameworks/ApplicationServices.framework/Versions/A/ApplicationServices
0x00000000037bc000 	/usr/lib/libz.1.dylib
0x00000000037bc000 	/usr/lib/libSystem.B.dylib
0x00000000037bc000 	/usr/lib/libobjc.A.dylib
0x00000000037bc000 	/System/Library/Frameworks/CoreFoundation.framework/Versions/A/CoreFoundation
0x00000000037bc000 	/System/Library/Frameworks/Foundation.framework/Versions/C/Foundation
0x00000000037bc000 	/System/Library/Frameworks/AppKit.framework/Versions/C/AppKit
0x00000000037bc000 	/System/Library/Frameworks/CoreData.framework/Versions/A/CoreData
0x00000000037bc000 	/System/Library/PrivateFrameworks/RemoteViewServices.framework/Versions/A/RemoteViewServices
0x00000000037bc000 	/System/Library/PrivateFrameworks/UIFoundation.framework/Versions/A/UIFoundation
0x00000000037bc000 	/usr/lib/libScreenReader.dylib
0x00000000037bc000 	/System/Library/Frameworks/Accelerate.framework/Versions/A/Accelerate
0x00000000037bc000 	/System/Library/Frameworks/IOSurface.framework/Versions/A/IOSurface
0x00000000037bc000 	/System/Library/Frameworks/AudioToolbox.framework/Versions/A/AudioToolbox
0x00000000037bc000 	/System/Library/Frameworks/AudioUnit.framework/Versions/A/AudioUnit
0x00000000037bc000 	/System/Library/PrivateFrameworks/DataDetectorsCore.framework/Versions/A/DataDetectorsCore
0x00000000037bc000 	/System/Library/PrivateFrameworks/DesktopServicesPriv.framework/Versions/A/DesktopServicesPriv
0x00000000037bc000 	/System/Library/Frameworks/Carbon.framework/Versions/A/Frameworks/HIToolbox.framework/Versions/A/HIToolbox
0x00000000037bc000 	/System/Library/Frameworks/QuartzCore.framework/Versions/A/QuartzCore
0x00000000037bc000 	/System/Library/Frameworks/Carbon.framework/Versions/A/Frameworks/SpeechRecognition.framework/Versions/A/SpeechRecognition
0x00000000037bc000 	/usr/lib/libauto.dylib
0x00000000037bc000 	/usr/lib/libicucore.A.dylib
0x00000000037bc000 	/usr/lib/libxml2.2.dylib
0x00000000037bc000 	/System/Library/PrivateFrameworks/CoreUI.framework/Versions/A/CoreUI
0x00000000037bc000 	/System/Library/Frameworks/CoreAudio.framework/Versions/A/CoreAudio
0x00000000037bc000 	/System/Library/Frameworks/DiskArbitration.framework/Versions/A/DiskArbitration
0x00000000037bc000 	/usr/lib/liblangid.dylib
0x00000000037bc000 	/System/Library/PrivateFrameworks/MultitouchSupport.framework/Versions/A/MultitouchSupport
0x00000000037bc000 	/System/Library/Frameworks/IOKit.framework/Versions/A/IOKit
0x00000000037bc000 	/usr/lib/libDiagnosticMessagesClient.dylib
0x00000000037bc000 	/System/Library/Frameworks/CoreServices.framework/Versions/A/CoreServices
0x00000000037bc000 	/System/Library/PrivateFrameworks/PerformanceAnalysis.framework/Versions/A/PerformanceAnalysis
0x00000000037bc000 	/System/Library/PrivateFrameworks/GenerationalStorage.framework/Versions/A/GenerationalStorage
0x00000000037bc000 	/System/Library/Frameworks/OpenGL.framework/Versions/A/OpenGL
0x00000000037bc000 	/System/Library/PrivateFrameworks/Sharing.framework/Versions/A/Sharing
0x00000000037bc000 	/System/Library/Frameworks/CoreGraphics.framework/Versions/A/CoreGraphics
0x00000000037bc000 	/System/Library/Frameworks/CoreImage.framework/Versions/A/CoreImage
0x00000000037bc000 	/System/Library/Frameworks/CoreText.framework/Versions/A/CoreText
0x00000000037bc000 	/System/Library/Frameworks/ImageIO.framework/Versions/A/ImageIO
0x00000000037bc000 	/System/Library/PrivateFrameworks/Backup.framework/Versions/A/Backup
0x00000000037bc000 	/usr/lib/libextension.dylib
0x00000000037bc000 	/usr/lib/libarchive.2.dylib
0x00000000037bc000 	/System/Library/Frameworks/CFNetwork.framework/Versions/A/CFNetwork
0x00000000037bc000 	/System/Library/Frameworks/SystemConfiguration.framework/Versions/A/SystemConfiguration
0x00000000037bc000 	/usr/lib/libCRFSuite.dylib
0x00000000037bc000 	/usr/lib/libc++.1.dylib
0x00000000037bc000 	/usr/lib/libc++abi.dylib
0x00000000037bc000 	/usr/lib/system/libcache.dylib
0x00000000037bc000 	/usr/lib/system/libcommonCrypto.dylib
0x00000000037bc000 	/usr/lib/system/libcompiler_rt.dylib
0x00000000037bc000 	/usr/lib/system/libcopyfile.dylib
0x00000000037bc000 	/usr/lib/system/libcorecrypto.dylib
0x00000000037bc000 	/usr/lib/system/libdispatch.dylib
0x00000000037bc000 	/usr/lib/system/libdyld.dylib
0x00000000037bc000 	/usr/lib/system/libkeymgr.dylib
0x00000000037bc000 	/usr/lib/system/liblaunch.dylib
0x00000000037bc000 	/usr/lib/system/libmacho.dylib
0x00000000037bc000 	/usr/lib/system/libquarantine.dylib
0x00000000037bc000 	/usr/lib/system/libremovefile.dylib
0x00000000037bc000 	/usr/lib/system/libsystem_asl.dylib
0x00000000037bc000 	/usr/lib/system/libsystem_blocks.dylib
0x00000000037bc000 	/usr/lib/system/libsystem_c.dylib
0x00000000037bc000 	/usr/lib/system/libsystem_configuration.dylib
0x00000000037bc000 	/usr/lib/system/libsystem_coreservices.dylib
0x00000000037bc000 	/usr/lib/system/libsystem_coretls.dylib
0x00000000037bc000 	/usr/lib/system/libsystem_dnssd.dylib
0x00000000037bc000 	/usr/lib/system/libsystem_info.dylib
0x00000000037bc000 	/usr/lib/system/libsystem_kernel.dylib
0x00000000037bc000 	/usr/lib/system/libsystem_m.dylib
0x00000000037bc000 	/usr/lib/system/libsystem_malloc.dylib
0x00000000037bc000 	/usr/lib/system/libsystem_network.dylib
0x00000000037bc000 	/usr/lib/system/libsystem_networkextension.dylib
0x00000000037bc000 	/usr/lib/system/libsystem_notify.dylib
0x00000000037bc000 	/usr/lib/system/libsystem_platform.dylib
0x00000000037bc000 	/usr/lib/system/libsystem_pthread.dylib
0x00000000037bc000 	/usr/lib/system/libsystem_sandbox.dylib
0x00000000037bc000 	/usr/lib/system/libsystem_secinit.dylib
0x00000000037bc000 	/usr/lib/system/libsystem_trace.dylib
0x00000000037bc000 	/usr/lib/system/libunc.dylib
0x00000000037bc000 	/usr/lib/system/libunwind.dylib
0x00000000037bc000 	/usr/lib/system/libxpc.dylib
0x00000000037bc000 	/usr/lib/libenergytrace.dylib
0x00000000037bc000 	/usr/lib/libbsm.0.dylib
0x00000000037bc000 	/usr/lib/system/libkxld.dylib
0x00000000037bc000 	/usr/lib/libxar.1.dylib
0x00000000037bc000 	/usr/lib/libsqlite3.dylib
0x00000000037bc000 	/usr/lib/libpam.2.dylib
0x00000000037bc000 	/usr/lib/libOpenScriptingUtil.dylib
0x00000000037bc000 	/usr/lib/libbz2.1.0.dylib
0x00000000037bc000 	/usr/lib/liblzma.5.dylib
0x00000000037bc000 	/System/Library/Frameworks/CoreServices.framework/Versions/A/Frameworks/FSEvents.framework/Versions/A/FSEvents
0x00000000037bc000 	/System/Library/Frameworks/CoreServices.framework/Versions/A/Frameworks/CarbonCore.framework/Versions/A/CarbonCore
0x00000000037bc000 	/System/Library/Frameworks/CoreServices.framework/Versions/A/Frameworks/Metadata.framework/Versions/A/Metadata
0x00000000037bc000 	/System/Library/Frameworks/CoreServices.framework/Versions/A/Frameworks/OSServices.framework/Versions/A/OSServices
0x00000000037bc000 	/System/Library/Frameworks/CoreServices.framework/Versions/A/Frameworks/SearchKit.framework/Versions/A/SearchKit
0x00000000037bc000 	/System/Library/Frameworks/CoreServices.framework/Versions/A/Frameworks/AE.framework/Versions/A/AE
0x00000000037bc000 	/System/Library/Frameworks/CoreServices.framework/Versions/A/Frameworks/LaunchServices.framework/Versions/A/LaunchServices
0x00000000037bc000 	/System/Library/Frameworks/CoreServices.framework/Versions/A/Frameworks/DictionaryServices.framework/Versions/A/DictionaryServices
0x00000000037bc000 	/System/Library/Frameworks/CoreServices.framework/Versions/A/Frameworks/SharedFileList.framework/Versions/A/SharedFileList
0x00000000037bc000 	/System/Library/Frameworks/NetFS.framework/Versions/A/NetFS
0x00000000037bc000 	/System/Library/PrivateFrameworks/NetAuth.framework/Versions/A/NetAuth
0x00000000037bc000 	/System/Library/PrivateFrameworks/login.framework/Versions/A/Frameworks/loginsupport.framework/Versions/A/loginsupport
0x00000000037bc000 	/System/Library/PrivateFrameworks/TCC.framework/Versions/A/TCC
0x00000000037bc000 	/usr/lib/libmecabra.dylib
0x00000000037bc000 	/System/Library/Frameworks/ApplicationServices.framework/Versions/A/Frameworks/ATS.framework/Versions/A/ATS
0x00000000037bc000 	/System/Library/Frameworks/ApplicationServices.framework/Versions/A/Frameworks/ColorSync.framework/Versions/A/ColorSync
0x00000000037bc000 	/System/Library/Frameworks/ApplicationServices.framework/Versions/A/Frameworks/HIServices.framework/Versions/A/HIServices
0x00000000037bc000 	/System/Library/Frameworks/ApplicationServices.framework/Versions/A/Frameworks/LangAnalysis.framework/Versions/A/LangAnalysis
0x00000000037bc000 	/System/Library/Frameworks/ApplicationServices.framework/Versions/A/Frameworks/PrintCore.framework/Versions/A/PrintCore
0x00000000037bc000 	/System/Library/Frameworks/ApplicationServices.framework/Versions/A/Frameworks/QD.framework/Versions/A/QD
0x00000000037bc000 	/System/Library/Frameworks/ApplicationServices.framework/Versions/A/Frameworks/SpeechSynthesis.framework/Versions/A/SpeechSynthesis
0x00000000037bc000 	/System/Library/Frameworks/Metal.framework/Versions/A/Metal
0x00000000037bc000 	/System/Library/Frameworks/Accelerate.framework/Versions/A/Frameworks/vImage.framework/Versions/A/vImage
0x00000000037bc000 	/System/Library/Frameworks/Accelerate.framework/Versions/A/Frameworks/vecLib.framework/Versions/A/vecLib
0x00000000037bc000 	/System/Library/Frameworks/Accelerate.framework/Versions/A/Frameworks/vecLib.framework/Versions/A/libvDSP.dylib
0x00000000037bc000 	/System/Library/Frameworks/Accelerate.framework/Versions/A/Frameworks/vecLib.framework/Versions/A/libvMisc.dylib
0x00000000037bc000 	/System/Library/Frameworks/Accelerate.framework/Versions/A/Frameworks/vecLib.framework/Versions/A/libLAPACK.dylib
0x00000000037bc000 	/System/Library/Frameworks/Accelerate.framework/Versions/A/Frameworks/vecLib.framework/Versions/A/libBLAS.dylib
0x00000000037bc000 	/System/Library/Frameworks/Accelerate.framework/Versions/A/Frameworks/vecLib.framework/Versions/A/libLinearAlgebra.dylib
0x00000000037bc000 	/System/Library/Frameworks/Accelerate.framework/Versions/A/Frameworks/vecLib.framework/Versions/A/libSparseBLAS.dylib
0x00000000037bc000 	/System/Library/PrivateFrameworks/GPUCompiler.framework/libmetal_timestamp.dylib
0x00000000037bc000 	/System/Library/Frameworks/OpenGL.framework/Versions/A/Libraries/libCoreFSCache.dylib
0x00000000037bc000 	/System/Library/PrivateFrameworks/IOAccelerator.framework/Versions/A/IOAccelerator
0x00000000037bc000 	/System/Library/Frameworks/ApplicationServices.framework/Versions/A/Frameworks/ATS.framework/Versions/A/Resources/libFontParser.dylib
0x00000000037bc000 	/System/Library/Frameworks/ApplicationServices.framework/Versions/A/Frameworks/ATS.framework/Versions/A/Resources/libFontRegistry.dylib
0x00000000037bc000 	/System/Library/PrivateFrameworks/AppleVPA.framework/Versions/A/AppleVPA
0x00000000037bc000 	/System/Library/PrivateFrameworks/AppleJPEG.framework/Versions/A/AppleJPEG
0x00000000037bc000 	/System/Library/Frameworks/ImageIO.framework/Versions/A/Resources/libJPEG.dylib
0x00000000037bc000 	/System/Library/Frameworks/ImageIO.framework/Versions/A/Resources/libTIFF.dylib
0x00000000037bc000 	/System/Library/Frameworks/ImageIO.framework/Versions/A/Resources/libPng.dylib
0x00000000037bc000 	/System/Library/Frameworks/ImageIO.framework/Versions/A/Resources/libGIF.dylib
0x00000000037bc000 	/System/Library/Frameworks/ImageIO.framework/Versions/A/Resources/libJP2.dylib
0x00000000037bc000 	/System/Library/Frameworks/ImageIO.framework/Versions/A/Resources/libRadiance.dylib
0x00000000037bc000 	/System/Library/Frameworks/CoreVideo.framework/Versions/A/CoreVideo
0x00000000037bc000 	/System/Library/Frameworks/OpenGL.framework/Versions/A/Libraries/libGLU.dylib
0x00000000037bc000 	/System/Library/Frameworks/OpenGL.framework/Versions/A/Libraries/libGFXShared.dylib
0x00000000037bc000 	/System/Library/Frameworks/OpenGL.framework/Versions/A/Libraries/libGL.dylib
0x00000000037bc000 	/System/Library/Frameworks/OpenGL.framework/Versions/A/Libraries/libGLImage.dylib
0x00000000037bc000 	/System/Library/Frameworks/OpenGL.framework/Versions/A/Libraries/libCVMSPluginSupport.dylib
0x00000000037bc000 	/System/Library/Frameworks/OpenGL.framework/Versions/A/Libraries/libCoreVMClient.dylib
0x00000000037bc000 	/usr/lib/libcompression.dylib
0x00000000037bc000 	/usr/lib/libcups.2.dylib
0x00000000037bc000 	/System/Library/Frameworks/Kerberos.framework/Versions/A/Kerberos
0x00000000037bc000 	/System/Library/Frameworks/GSS.framework/Versions/A/GSS
0x00000000037bc000 	/usr/lib/libresolv.9.dylib
0x00000000037bc000 	/usr/lib/libiconv.2.dylib
0x00000000037bc000 	/System/Library/PrivateFrameworks/Heimdal.framework/Versions/A/Heimdal
0x00000000037bc000 	/usr/lib/libheimdal-asn1.dylib
0x00000000037bc000 	/System/Library/Frameworks/OpenDirectory.framework/Versions/A/OpenDirectory
0x00000000037bc000 	/System/Library/PrivateFrameworks/CommonAuth.framework/Versions/A/CommonAuth
0x00000000037bc000 	/System/Library/Frameworks/OpenDirectory.framework/Versions/A/Frameworks/CFOpenDirectory.framework/Versions/A/CFOpenDirectory
0x00000000037bc000 	/System/Library/Frameworks/SecurityFoundation.framework/Versions/A/SecurityFoundation
0x00000000037bc000 	/System/Library/PrivateFrameworks/LanguageModeling.framework/Versions/A/LanguageModeling
0x00000000037bc000 	/usr/lib/libmarisa.dylib
0x00000000037bc000 	/usr/lib/libChineseTokenizer.dylib
0x00000000037bc000 	/usr/lib/libcmph.dylib
0x00000000037bc000 	/System/Library/Frameworks/ServiceManagement.framework/Versions/A/ServiceManagement
0x00000000037bc000 	/usr/lib/libxslt.1.dylib
0x00000000037bc000 	/System/Library/Frameworks/Carbon.framework/Versions/A/Frameworks/Ink.framework/Versions/A/Ink
0x00000000037bc000 	/usr/lib/libFosl_dynamic.dylib
0x00000000037bc000 	/System/Library/PrivateFrameworks/FaceCore.framework/Versions/A/FaceCore
0x00000000037bc000 	/System/Library/Frameworks/OpenCL.framework/Versions/A/OpenCL
0x00000000037bc000 	/System/Library/PrivateFrameworks/CrashReporterSupport.framework/Versions/A/CrashReporterSupport
0x00000000037bc000 	/System/Library/PrivateFrameworks/IconServices.framework/Versions/A/IconServices
0x00000000037bc000 	/System/Library/PrivateFrameworks/Apple80211.framework/Versions/A/Apple80211
0x00000000037bc000 	/System/Library/Frameworks/CoreWLAN.framework/Versions/A/CoreWLAN
0x00000000037bc000 	/System/Library/Frameworks/IOBluetooth.framework/Versions/A/IOBluetooth
0x00000000037bc000 	/System/Library/PrivateFrameworks/CoreWiFi.framework/Versions/A/CoreWiFi
0x00000000037bc000 	/System/Library/Frameworks/CoreBluetooth.framework/Versions/A/CoreBluetooth
0x00000000037bc000 	/System/Library/PrivateFrameworks/ChunkingLibrary.framework/Versions/A/ChunkingLibrary
0x00000000037bc000 	/System/Library/PrivateFrameworks/DebugSymbols.framework/Versions/A/DebugSymbols
0x00000000037bc000 	/System/Library/PrivateFrameworks/CoreSymbolication.framework/Versions/A/CoreSymbolication
0x00000000037bc000 	/System/Library/PrivateFrameworks/Symbolication.framework/Versions/A/Symbolication
0x00000000037bc000 	/System/Library/PrivateFrameworks/SpeechRecognitionCore.framework/Versions/A/SpeechRecognitionCore
0x0000000101600000 	/Library/Java/JavaVirtualMachines/jdk1.8.0_101.jdk/Contents/Home/jre/lib/server/libjvm.dylib
0x00000000037bc000 	/usr/lib/libstdc++.6.dylib
0x00000001005e5000 	/Library/Java/JavaVirtualMachines/jdk1.8.0_101.jdk/Contents/Home/jre/lib/libverify.dylib
0x000000010259d000 	/Library/Java/JavaVirtualMachines/jdk1.8.0_101.jdk/Contents/Home/jre/lib/libjava.dylib
0x00000001025d2000 	/Library/Java/JavaVirtualMachines/jdk1.8.0_101.jdk/Contents/Home/jre/lib/libzip.dylib
0x0000000116655000 	/System/Library/Frameworks/JavaVM.framework/Frameworks/JavaRuntimeSupport.framework/JavaRuntimeSupport
0x0000000116670000 	/System/Library/Frameworks/JavaVM.framework/Versions/A/Frameworks/JavaNativeFoundation.framework/Versions/A/JavaNativeFoundation
0x0000000116685000 	/System/Library/Frameworks/JavaVM.framework/Versions/A/JavaVM
0x00000000037bc000 	/System/Library/Frameworks/Carbon.framework/Versions/A/Carbon
0x0000000116692000 	/System/Library/PrivateFrameworks/JavaLaunching.framework/Versions/A/JavaLaunching
0x00000000037bc000 	/System/Library/Frameworks/Carbon.framework/Versions/A/Frameworks/CommonPanels.framework/Versions/A/CommonPanels
0x00000000037bc000 	/System/Library/Frameworks/Carbon.framework/Versions/A/Frameworks/Help.framework/Versions/A/Help
0x00000000037bc000 	/System/Library/Frameworks/Carbon.framework/Versions/A/Frameworks/ImageCapture.framework/Versions/A/ImageCapture
0x00000000037bc000 	/System/Library/Frameworks/Carbon.framework/Versions/A/Frameworks/OpenScripting.framework/Versions/A/OpenScripting
0x00000000037bc000 	/System/Library/Frameworks/Carbon.framework/Versions/A/Frameworks/Print.framework/Versions/A/Print
0x00000000037bc000 	/System/Library/Frameworks/Carbon.framework/Versions/A/Frameworks/SecurityHI.framework/Versions/A/SecurityHI

VM Arguments:
jvm_args: -Djava.awt.headless=true -Xmx1024M -Dfile.encoding=UTF-8 -Duser.country=FR -Duser.language=fr -Duser.variant 
java_command: com.android.dx.command.Main --dex --num-threads=4 --multi-dex --main-dex-list /Users/hugopiso/Projects/uqac/Zyla/app/build/intermediates/multi-dex/debug/maindexlist.txt --output /Users/hugopiso/Projects/uqac/Zyla/app/build/intermediates/transforms/dex/debug/folders/1000/1f/main /Users/hugopiso/Projects/uqac/Zyla/app/build/intermediates/transforms/jarMerging/debug/jars/1/1f/combined.jar
java_class_path (initial): /Users/hugopiso/Library/Android/sdk/build-tools/24.0.2/lib/dx.jar
Launcher Type: SUN_STANDARD

Environment Variables:
PATH=/usr/bin:/bin:/usr/sbin:/sbin
SHELL=/bin/bash
DISPLAY=/private/tmp/com.apple.launchd.2Lw5qH3tEw/org.macosforge.xquartz:0

Signal Handlers:
SIGSEGV: [libjvm.dylib+0x5af145], sa_mask[0]=11111111011111110111111111111111, sa_flags=SA_ONSTACK|SA_RESTART|SA_SIGINFO
SIGBUS: [libjvm.dylib+0x5af145], sa_mask[0]=11111111011111110111111111111111, sa_flags=SA_RESTART|SA_SIGINFO
SIGFPE: [libjvm.dylib+0x48694c], sa_mask[0]=11111111011111110111111111111111, sa_flags=SA_RESTART|SA_SIGINFO
SIGPIPE: [libjvm.dylib+0x48694c], sa_mask[0]=11111111011111110111111111111111, sa_flags=SA_RESTART|SA_SIGINFO
SIGXFSZ: [libjvm.dylib+0x48694c], sa_mask[0]=11111111011111110111111111111111, sa_flags=SA_RESTART|SA_SIGINFO
SIGILL: [libjvm.dylib+0x48694c], sa_mask[0]=11111111011111110111111111111111, sa_flags=SA_RESTART|SA_SIGINFO
SIGUSR1: SIG_DFL, sa_mask[0]=00000000000000000000000000000000, sa_flags=none
SIGUSR2: [libjvm.dylib+0x48646a], sa_mask[0]=00100000000000000000000000000000, sa_flags=SA_RESTART|SA_SIGINFO
SIGHUP: [libjvm.dylib+0x484a41], sa_mask[0]=11111111011111110111111111111111, sa_flags=SA_RESTART|SA_SIGINFO
SIGINT: [libjvm.dylib+0x484a41], sa_mask[0]=11111111011111110111111111111111, sa_flags=SA_RESTART|SA_SIGINFO
SIGTERM: [libjvm.dylib+0x484a41], sa_mask[0]=11111111011111110111111111111111, sa_flags=SA_RESTART|SA_SIGINFO
SIGQUIT: [libjvm.dylib+0x484a41], sa_mask[0]=11111111011111110111111111111111, sa_flags=SA_RESTART|SA_SIGINFO


---------------  S Y S T E M  ---------------

OS:Bsduname:Darwin 15.6.0 Darwin Kernel Version 15.6.0: Thu Jun 23 18:25:34 PDT 2016; root:xnu-3248.60.10~1/RELEASE_X86_64 x86_64
rlimit: STACK 8192k, CORE 0k, NPROC 709, NOFILE 10240, AS infinity
load average:2.75 2.39 2.11

CPU:total 8 (4 cores per cpu, 2 threads per core) family 6 model 58 stepping 9, cmov, cx8, fxsr, mmx, sse, sse2, sse3, ssse3, sse4.1, sse4.2, popcnt, avx, aes, clmul, erms, ht, tsc, tscinvbit, tscinv

Memory: 4k page, physical 16777216k(3116304k free)

/proc/meminfo:


vm_info: Java HotSpot(TM) 64-Bit Server VM (25.101-b13) for bsd-amd64 JRE (1.8.0_101-b13), built on Jun 22 2016 02:42:15 by "java_re" with gcc 4.2.1 (Based on Apple Inc. build 5658) (LLVM build 2336.11.00)

time: Wed Nov  2 16:17:49 2016
elapsed time: 3 seconds (0d 0h 0m 3s)

